Unity Editor version:    2022.1.6f1 (e49a51cf6290)
Branch:                  2022.1/staging
Build type:              Release
Batch mode:              YES
macOS version:           Version 12.2.1 (Build 21D62)
Darwin version:          21.3.0
Architecture:            x86_64
Running under Rosetta:   YES
Available memory:        8192 MB
Using pre-set license
Pro License: YES

COMMAND LINE ARGUMENTS:
/Applications/Unity/Hub/Editor/2022.1.6f1/Unity.app/Contents/MacOS/Unity
-adb2
-batchMode
-noUpm
-name
AssetImportWorker0
-projectPath
/Users/ericdittus/Desktop/VRun/VRun
-logFile
Logs/AssetImportWorker0.log
-srvPort
50349
Successfully changed project path to: /Users/ericdittus/Desktop/VRun/VRun
/Users/ericdittus/Desktop/VRun/VRun
[UnityMemory] Configuration Parameters - Can be set up in boot.config
    "memorysetup-bucket-allocator-granularity=16"
    "memorysetup-bucket-allocator-bucket-count=8"
    "memorysetup-bucket-allocator-block-size=33554432"
    "memorysetup-bucket-allocator-block-count=8"
    "memorysetup-main-allocator-block-size=16777216"
    "memorysetup-thread-allocator-block-size=16777216"
    "memorysetup-gfx-main-allocator-block-size=16777216"
    "memorysetup-gfx-thread-allocator-block-size=16777216"
    "memorysetup-cache-allocator-block-size=4194304"
    "memorysetup-typetree-allocator-block-size=2097152"
    "memorysetup-profiler-bucket-allocator-granularity=16"
    "memorysetup-profiler-bucket-allocator-bucket-count=8"
    "memorysetup-profiler-bucket-allocator-block-size=33554432"
    "memorysetup-profiler-bucket-allocator-block-count=8"
    "memorysetup-profiler-allocator-block-size=16777216"
    "memorysetup-profiler-editor-allocator-block-size=1048576"
    "memorysetup-temp-allocator-size-main=16777216"
    "memorysetup-job-temp-allocator-block-size=2097152"
    "memorysetup-job-temp-allocator-block-size-background=1048576"
    "memorysetup-job-temp-allocator-reduction-small-platforms=262144"
    "memorysetup-temp-allocator-size-background-worker=32768"
    "memorysetup-temp-allocator-size-job-worker=262144"
    "memorysetup-temp-allocator-size-preload-manager=33554432"
    "memorysetup-temp-allocator-size-nav-mesh-worker=65536"
    "memorysetup-temp-allocator-size-audio-worker=65536"
    "memorysetup-temp-allocator-size-cloud-worker=32768"
    "memorysetup-temp-allocator-size-gi-baking-worker=262144"
    "memorysetup-temp-allocator-size-gfx=262144"
Refreshing native plugins compatible for Editor in 124.68 ms, found 2 plugins.
Preloading 0 native plugins for Editor in 0.00 ms.
Initialize engine version: 2022.1.6f1 (e49a51cf6290)
[Subsystems] Discovering subsystems at path /Applications/Unity/Hub/Editor/2022.1.6f1/Unity.app/Contents/Resources/UnitySubsystems
[Subsystems] Discovering subsystems at path /Users/ericdittus/Desktop/VRun/VRun/Assets
GfxDevice: creating device client; threaded=0; jobified=0
 preferred device: Apple M1 (high power)
Metal devices available: 1
0: Apple M1 (high power)
Using device Apple M1 (high power)
Initializing Metal device caps: Apple M1
Initialize mono
Mono path[0] = '/Applications/Unity/Hub/Editor/2022.1.6f1/Unity.app/Contents/Managed'
Mono path[1] = '/Applications/Unity/Hub/Editor/2022.1.6f1/Unity.app/Contents/MonoBleedingEdge/lib/mono/unityjit-macos'
Mono config path = '/Applications/Unity/Hub/Editor/2022.1.6f1/Unity.app/Contents/MonoBleedingEdge/etc'
Using monoOptions --debugger-agent=transport=dt_socket,embedding=1,server=y,suspend=n,address=127.0.0.1:56155
Begin MonoManager ReloadAssembly
Registering precompiled unity dll's ...
Register platform support module: /Applications/Unity/Hub/Editor/2022.1.6f1/Unity.app/Contents/PlaybackEngines/MacStandaloneSupport/UnityEditor.OSXStandalone.Extensions.dll
Register platform support module: /Applications/Unity/Hub/Editor/2022.1.6f1/PlaybackEngines/iOSSupport/UnityEditor.iOS.Extensions.dll
Registered in 0.001859 seconds.
[usbmuxd] Start listen thread
[usbmuxd] Listen thread started
[usbmuxd] Send listen message
Native extension for iOS target not found
Native extension for OSXStandalone target not found
Refreshing native plugins compatible for Editor in 90.64 ms, found 2 plugins.
Preloading 0 native plugins for Editor in 0.00 ms.
Mono: successfully reloaded assembly
- Completed reload, in  1.715 seconds
Domain Reload Profiling:
	ReloadAssembly (1716ms)
		BeginReloadAssembly (172ms)
			ExecutionOrderSort (0ms)
			DisableScriptedObjects (0ms)
			BackupInstance (0ms)
			ReleaseScriptingObjects (0ms)
			CreateAndSetChildDomain (3ms)
		EndReloadAssembly (1292ms)
			LoadAssemblies (171ms)
			RebuildTransferFunctionScriptingTraits (0ms)
			SetupTypeCache (157ms)
				TypeCache.Initialize (155ms)
					TypeCache.ScanAssembly (154ms)
				ResolveRequiredComponents (2ms)
			ReleaseScriptCaches (0ms)
			RebuildScriptCaches (37ms)
			SetupLoadedEditorAssemblies (936ms)
				LogAssemblyErrors (0ms)
				InitializePlatformSupportModulesInManaged (131ms)
				SetLoadedEditorAssemblies (18ms)
				RefreshPlugins (91ms)
				BeforeProcessingInitializeOnLoad (4ms)
				ProcessInitializeOnLoadAttributes (500ms)
				ProcessInitializeOnLoadMethodAttributes (193ms)
				AfterProcessingInitializeOnLoad (0ms)
				EditorAssembliesLoaded (0ms)
			ExecutionOrderSort2 (0ms)
			AwakeInstancesAfterBackupRestoration (0ms)
Platform modules already initialized, skipping
Registering precompiled user dll's ...
Registered in 0.001729 seconds.
Begin MonoManager ReloadAssembly
Symbol file LoadedFromMemory doesn't match image /Users/ericdittus/Desktop/VRun/VRun/Library/PackageCache/com.unity.visualscripting@1.7.8/Editor/VisualScripting.Core/Dependencies/YamlDotNet/Unity.VisualScripting.YamlDotNet.dll
Symbol file LoadedFromMemory doesn't match image /Users/ericdittus/Desktop/VRun/VRun/Library/PackageCache/com.unity.visualscripting@1.7.8/Editor/VisualScripting.Core/Dependencies/DotNetZip/Unity.VisualScripting.IonicZip.dll
Native extension for iOS target not found
Native extension for OSXStandalone target not found
Refreshing native plugins compatible for Editor in 0.58 ms, found 2 plugins.
Preloading 0 native plugins for Editor in 0.00 ms.
Mono: successfully reloaded assembly
- Completed reload, in  2.511 seconds
Domain Reload Profiling:
	ReloadAssembly (2514ms)
		BeginReloadAssembly (258ms)
			ExecutionOrderSort (0ms)
			DisableScriptedObjects (42ms)
			BackupInstance (0ms)
			ReleaseScriptingObjects (0ms)
			CreateAndSetChildDomain (32ms)
		EndReloadAssembly (1962ms)
			LoadAssemblies (150ms)
			RebuildTransferFunctionScriptingTraits (0ms)
			SetupTypeCache (365ms)
				TypeCache.Initialize (356ms)
					TypeCache.ScanAssembly (353ms)
				ResolveRequiredComponents (9ms)
			ReleaseScriptCaches (2ms)
			RebuildScriptCaches (61ms)
			SetupLoadedEditorAssemblies (1190ms)
				LogAssemblyErrors (0ms)
				InitializePlatformSupportModulesInManaged (65ms)
				SetLoadedEditorAssemblies (24ms)
				RefreshPlugins (1ms)
				BeforeProcessingInitializeOnLoad (123ms)
				ProcessInitializeOnLoadAttributes (866ms)
				ProcessInitializeOnLoadMethodAttributes (111ms)
				AfterProcessingInitializeOnLoad (1ms)
				EditorAssembliesLoaded (0ms)
			ExecutionOrderSort2 (0ms)
			AwakeInstancesAfterBackupRestoration (10ms)
Platform modules already initialized, skipping
========================================================================
Worker process is ready to serve import requests
Launching external process: /Applications/Unity/Hub/Editor/2022.1.6f1/Unity.app/Contents/Tools/UnityShaderCompiler
Launched and connected shader compiler UnityShaderCompiler after 0.08 seconds
Refreshing native plugins compatible for Editor in 0.54 ms, found 2 plugins.
Preloading 0 native plugins for Editor in 0.00 ms.
Unloading 3385 Unused Serialized files (Serialized files now loaded: 0)
Unloading 26 unused Assets / (45.8 KB). Loaded Objects now: 3845.
Memory consumption went from 0.62 GB to 0.62 GB.
Total: 3.101917 ms (FindLiveObjects: 0.274834 ms CreateObjectMapping: 0.098458 ms MarkObjects: 2.644208 ms  DeleteObjects: 0.083042 ms)

AssetImportParameters requested are different than current active one (requested -> active):
  custom:video-decoder-ogg-theora: a1e56fd34408186e4bbccfd4996cb3dc -> 
  custom:container-muxer-webm: aa71ff27fc2769a1b78a27578f13a17b -> 
  custom:container-demuxer-webm: 4f35f7cbe854078d1ac9338744f61a02 -> 
  custom:video-encoder-webm-vp8: eb34c28f22e8b96e1ab97ce403110664 -> 
  custom:framework-osx-AVFoundation: e770b220cccbd017edd2c1fefb359320 -> 
  custom:audio-encoder-webm-vorbis: bf7c407c2cedff20999df2af8eb42d56 -> 
  custom:container-demuxer-ogg: 62fdf1f143b41e24485cea50d1cbac27 -> 
  custom:video-decoder-webm-vp8: 9c59270c3fd7afecdb556c50c9e8de78 -> 
  custom:audio-decoder-ogg-vorbis: bf7c407c2cedff20999df2af8eb42d56 -> 
========================================================================
Received Import Request.
  Time since last request: 7965.555116 seconds.
  path: Assets/Animations
  artifactKey: Guid(0b552152c53024c62adaa8e0d2f1bd1f) Importer(815301076,1909f56bfc062723c751e8b465ee728b)
Start importing Assets/Animations using Guid(0b552152c53024c62adaa8e0d2f1bd1f) Importer(815301076,1909f56bfc062723c751e8b465ee728b)  -> (artifact id: 'e7fff63522cd8e4f47c782f92a084e71') in 0.004046 seconds 
========================================================================
Received Import Request.
  Time since last request: 29.706328 seconds.
  path: Assets/Alien-Char
  artifactKey: Guid(addd97530137b4905b9e56f4d75cb901) Importer(815301076,1909f56bfc062723c751e8b465ee728b)
Start importing Assets/Alien-Char using Guid(addd97530137b4905b9e56f4d75cb901) Importer(815301076,1909f56bfc062723c751e8b465ee728b)  -> (artifact id: 'b106a3c4c4bf1a231fcac2786b8ee5d3') in 0.001916 seconds 
========================================================================
Received Import Request.
  Time since last request: 14.181309 seconds.
  path: Assets/Alien-Char/Ch30_nonPBR.fbx
  artifactKey: Guid(5371560a5dbc24ddba5fa72bd021cf05) Importer(815301076,1909f56bfc062723c751e8b465ee728b)
Start importing Assets/Alien-Char/Ch30_nonPBR.fbx using Guid(5371560a5dbc24ddba5fa72bd021cf05) Importer(815301076,1909f56bfc062723c751e8b465ee728b)  -> (artifact id: '9a92b07c70dd4a8b5a08eda663be8b04') in 0.868861 seconds 
========================================================================
Received Import Request.
  Time since last request: 90.258477 seconds.
  path: Assets/Alien-Char/Ch30_1001_Diffuse.png
  artifactKey: Guid(fe8bf7fe991eb4ea19b82dca12c98c6a) Importer(815301076,1909f56bfc062723c751e8b465ee728b)
Start importing Assets/Alien-Char/Ch30_1001_Diffuse.png using Guid(fe8bf7fe991eb4ea19b82dca12c98c6a) Importer(815301076,1909f56bfc062723c751e8b465ee728b)  -> (artifact id: 'fb1c306e9a9af2823a95d23db2267a33') in 0.167166 seconds 
========================================================================
Received Import Request.
  Time since last request: 4.142875 seconds.
  path: Assets/Alien-Char/Ch30_1001_Glossiness.png
  artifactKey: Guid(7054b592a296b4560b4ab959f4e2f1f9) Importer(815301076,1909f56bfc062723c751e8b465ee728b)
Start importing Assets/Alien-Char/Ch30_1001_Glossiness.png using Guid(7054b592a296b4560b4ab959f4e2f1f9) Importer(815301076,1909f56bfc062723c751e8b465ee728b)  -> (artifact id: '3f9551f69943c3a7e6bb6b67b98d7765') in 0.057503 seconds 
========================================================================
Received Import Request.
  Time since last request: 4.341046 seconds.
  path: Assets/Alien-Char/Ch30_1001_Specular.png
  artifactKey: Guid(565a8c2b918f4436db30c9ca96d2cd36) Importer(815301076,1909f56bfc062723c751e8b465ee728b)
Start importing Assets/Alien-Char/Ch30_1001_Specular.png using Guid(565a8c2b918f4436db30c9ca96d2cd36) Importer(815301076,1909f56bfc062723c751e8b465ee728b)  -> (artifact id: '604ef995f4f75075f0c9c08641667a39') in 0.039723 seconds 
========================================================================
Received Import Request.
  Time since last request: 3.370024 seconds.
  path: Assets/Alien-Char/Ch30_1002_Diffuse.png
  artifactKey: Guid(26f4b7e9ba0fd41c49cfaced0cbc5abd) Importer(815301076,1909f56bfc062723c751e8b465ee728b)
Start importing Assets/Alien-Char/Ch30_1002_Diffuse.png using Guid(26f4b7e9ba0fd41c49cfaced0cbc5abd) Importer(815301076,1909f56bfc062723c751e8b465ee728b)  -> (artifact id: '0a8c8c5a3a4cdc46db526a8526496f18') in 0.027068 seconds 
========================================================================
Received Import Request.
  Time since last request: 4.327430 seconds.
  path: Assets/Alien-Char/Ch30_1002_Glossiness.png
  artifactKey: Guid(035d38f94ab47478cb9bdbdc5b3f0a70) Importer(815301076,1909f56bfc062723c751e8b465ee728b)
Start importing Assets/Alien-Char/Ch30_1002_Glossiness.png using Guid(035d38f94ab47478cb9bdbdc5b3f0a70) Importer(815301076,1909f56bfc062723c751e8b465ee728b)  -> (artifact id: '4cc5c4847160690b64259be3f87b7736') in 0.020072 seconds 
========================================================================
Received Import Request.
  Time since last request: 3.990725 seconds.
  path: Assets/Alien-Char/Ch30_1002_Normal.png
  artifactKey: Guid(cd854a8a944f84baf8b6e168df958fb7) Importer(815301076,1909f56bfc062723c751e8b465ee728b)
Start importing Assets/Alien-Char/Ch30_1002_Normal.png using Guid(cd854a8a944f84baf8b6e168df958fb7) Importer(815301076,1909f56bfc062723c751e8b465ee728b)  -> (artifact id: '7a3d6c2674f4a33e7c7e060c1b9293a6') in 0.018533 seconds 
========================================================================
Received Import Request.
  Time since last request: 8.708706 seconds.
  path: Assets/Alien-Char/Ch30_1002_Normal.png
  artifactKey: Guid(cd854a8a944f84baf8b6e168df958fb7) Importer(815301076,1909f56bfc062723c751e8b465ee728b)
Start importing Assets/Alien-Char/Ch30_1002_Normal.png using Guid(cd854a8a944f84baf8b6e168df958fb7) Importer(815301076,1909f56bfc062723c751e8b465ee728b)  -> (artifact id: '9dd606ba778b05dd4f13a7bfd05b1005') in 0.064712 seconds 
========================================================================
Received Import Request.
  Time since last request: 32.706382 seconds.
  path: Assets/Alien-Char/Ch30_1002_Specular.png
  artifactKey: Guid(f20d2ca6278544ef9b8d2587959eba07) Importer(815301076,1909f56bfc062723c751e8b465ee728b)
Start importing Assets/Alien-Char/Ch30_1002_Specular.png using Guid(f20d2ca6278544ef9b8d2587959eba07) Importer(815301076,1909f56bfc062723c751e8b465ee728b)  -> (artifact id: 'f35c53b5d7c1cef32be0761a5a783d0f') in 0.024584 seconds 
========================================================================
Received Import Request.
  Time since last request: 39.707083 seconds.
  path: Assets/Wolf-Char
  artifactKey: Guid(34181b921beb04a07a057aa68fab2cc2) Importer(815301076,1909f56bfc062723c751e8b465ee728b)
Start importing Assets/Wolf-Char using Guid(34181b921beb04a07a057aa68fab2cc2) Importer(815301076,1909f56bfc062723c751e8b465ee728b)  -> (artifact id: 'dd76422e6360bc5e4549c7e389956c72') in 0.002000 seconds 
========================================================================
Received Import Request.
  Time since last request: 82.586670 seconds.
  path: Assets/Wolf-Char/Model
  artifactKey: Guid(f7e071fc8a11f40a18b3bc55f3e4f68c) Importer(815301076,1909f56bfc062723c751e8b465ee728b)
Start importing Assets/Wolf-Char/Model using Guid(f7e071fc8a11f40a18b3bc55f3e4f68c) Importer(815301076,1909f56bfc062723c751e8b465ee728b)  -> (artifact id: '4e7b2ef36f85b450c2a2732120675b32') in 0.001462 seconds 
========================================================================
Received Import Request.
  Time since last request: 0.059521 seconds.
  path: Assets/Wolf-Char/Model/Wolf_attack1.FBX
  artifactKey: Guid(2ae66ac32e1086d4ca688205b6fad99e) Importer(815301076,1909f56bfc062723c751e8b465ee728b)
Start importing Assets/Wolf-Char/Model/Wolf_attack1.FBX using Guid(2ae66ac32e1086d4ca688205b6fad99e) Importer(815301076,1909f56bfc062723c751e8b465ee728b)  -> (artifact id: '0954e2e18385c916c9df9b684b273c35') in 0.250723 seconds 
========================================================================
Received Import Request.
  Time since last request: 0.000143 seconds.
  path: Assets/Wolf-Char/Model/Wolf_Digs.FBX
  artifactKey: Guid(1f61730c0e4475e4bb79f1ee06923b2c) Importer(815301076,1909f56bfc062723c751e8b465ee728b)
Start importing Assets/Wolf-Char/Model/Wolf_Digs.FBX using Guid(1f61730c0e4475e4bb79f1ee06923b2c) Importer(815301076,1909f56bfc062723c751e8b465ee728b)  -> (artifact id: '074dfac740a3110dcaae80853820c203') in 0.044606 seconds 
========================================================================
Received Import Request.
  Time since last request: 0.000077 seconds.
  path: Assets/Wolf-Char/Model/Wolf_die.FBX
  artifactKey: Guid(abecad1478c146b468857b08761602b7) Importer(815301076,1909f56bfc062723c751e8b465ee728b)
Start importing Assets/Wolf-Char/Model/Wolf_die.FBX using Guid(abecad1478c146b468857b08761602b7) Importer(815301076,1909f56bfc062723c751e8b465ee728b)  -> (artifact id: 'cd72cefe3d2cf11b6cc3e786c15e45b7') in 0.037158 seconds 
========================================================================
Received Import Request.
  Time since last request: 0.000077 seconds.
  path: Assets/Wolf-Char/Model/Wolf_sit.FBX
  artifactKey: Guid(0b5dafda84353d24281ce891b1ee70b9) Importer(815301076,1909f56bfc062723c751e8b465ee728b)
Start importing Assets/Wolf-Char/Model/Wolf_sit.FBX using Guid(0b5dafda84353d24281ce891b1ee70b9) Importer(815301076,1909f56bfc062723c751e8b465ee728b)  -> (artifact id: 'dd94db244e2113726d73e354aaf32954') in 0.041350 seconds 
========================================================================
Received Import Request.
  Time since last request: 0.000069 seconds.
  path: Assets/Wolf-Char/Model/Wolf_howl.FBX
  artifactKey: Guid(996d5d2cd219c7e42abdb6c02409548c) Importer(815301076,1909f56bfc062723c751e8b465ee728b)
Start importing Assets/Wolf-Char/Model/Wolf_howl.FBX using Guid(996d5d2cd219c7e42abdb6c02409548c) Importer(815301076,1909f56bfc062723c751e8b465ee728b)  -> (artifact id: 'd5b257115397c57aa7c8dee07a43a3d6') in 0.036275 seconds 
========================================================================
Received Import Request.
  Time since last request: 0.000073 seconds.
  path: Assets/Wolf-Char/Model/Wolf_run.FBX
  artifactKey: Guid(d1b2a85e71b56e548bda97f53cb9ff45) Importer(815301076,1909f56bfc062723c751e8b465ee728b)
Start importing Assets/Wolf-Char/Model/Wolf_run.FBX using Guid(d1b2a85e71b56e548bda97f53cb9ff45) Importer(815301076,1909f56bfc062723c751e8b465ee728b)  -> (artifact id: '174d02a6982fe6c680bf4e3fc6f11bea') in 0.036685 seconds 
========================================================================
Received Import Request.
  Time since last request: 7.546672 seconds.
  path: Assets/Wolf-Char/Prefabs
  artifactKey: Guid(d9caae1fc40b542a594f46f270e15abd) Importer(815301076,1909f56bfc062723c751e8b465ee728b)
Start importing Assets/Wolf-Char/Prefabs using Guid(d9caae1fc40b542a594f46f270e15abd) Importer(815301076,1909f56bfc062723c751e8b465ee728b)  -> (artifact id: '70218bd7d9aee8060f5e8da80653fcae') in 0.001802 seconds 
========================================================================
Received Import Request.
  Time since last request: 0.066177 seconds.
  path: Assets/Wolf-Char/Prefabs/Wolf.prefab
  artifactKey: Guid(f8243bb353e5cb74481bb26fe62fd298) Importer(815301076,1909f56bfc062723c751e8b465ee728b)
Start importing Assets/Wolf-Char/Prefabs/Wolf.prefab using Guid(f8243bb353e5cb74481bb26fe62fd298) Importer(815301076,1909f56bfc062723c751e8b465ee728b)  -> (artifact id: 'e3beb80520d97a7b841fdbeb2a15ed40') in 0.310860 seconds 
========================================================================
Received Import Request.
  Time since last request: 113.754267 seconds.
  path: Assets/Animations/Jump.fbx
  artifactKey: Guid(339819fed76864276adfdbc26ecfcc74) Importer(815301076,1909f56bfc062723c751e8b465ee728b)
Start importing Assets/Animations/Jump.fbx using Guid(339819fed76864276adfdbc26ecfcc74) Importer(815301076,1909f56bfc062723c751e8b465ee728b)  -> (artifact id: '7e66f68d99f36c1272dbe69202d18098') in 0.023219 seconds 
========================================================================
Received Import Request.
  Time since last request: 3.700398 seconds.
  path: Assets/Animations/Left Strafe Walking.fbx
  artifactKey: Guid(4259f429ef539450fb92d388fdb47af2) Importer(815301076,1909f56bfc062723c751e8b465ee728b)
Start importing Assets/Animations/Left Strafe Walking.fbx using Guid(4259f429ef539450fb92d388fdb47af2) Importer(815301076,1909f56bfc062723c751e8b465ee728b)  -> (artifact id: '33d70bcad8326c6d029ecfebe0294e57') in 0.007249 seconds 
========================================================================
Received Import Request.
  Time since last request: 2.680459 seconds.
  path: Assets/Animations/Left Strafe(1).fbx
  artifactKey: Guid(0d857af6950e342e8921c7775996a5bf) Importer(815301076,1909f56bfc062723c751e8b465ee728b)
Start importing Assets/Animations/Left Strafe(1).fbx using Guid(0d857af6950e342e8921c7775996a5bf) Importer(815301076,1909f56bfc062723c751e8b465ee728b)  -> (artifact id: 'cd98523c3b279b53e74ea59b20d1ed31') in 0.008259 seconds 
========================================================================
Received Import Request.
  Time since last request: 2.258990 seconds.
  path: Assets/Animations/Orc Walk(1).fbx
  artifactKey: Guid(ed9d522ae368f40da9b9ec0e39dd6ea9) Importer(815301076,1909f56bfc062723c751e8b465ee728b)
Start importing Assets/Animations/Orc Walk(1).fbx using Guid(ed9d522ae368f40da9b9ec0e39dd6ea9) Importer(815301076,1909f56bfc062723c751e8b465ee728b)  -> (artifact id: '6cad5efdec237baa453fb433cc1479f0') in 0.007788 seconds 
========================================================================
Received Import Request.
  Time since last request: 4.875687 seconds.
  path: Assets/Animations/Right Strafe Walking(2).fbx
  artifactKey: Guid(23bfb3b8e54e547cb90abab06e0247e4) Importer(815301076,1909f56bfc062723c751e8b465ee728b)
Start importing Assets/Animations/Right Strafe Walking(2).fbx using Guid(23bfb3b8e54e547cb90abab06e0247e4) Importer(815301076,1909f56bfc062723c751e8b465ee728b)  -> (artifact id: '4ec6166b0eceb42e745b1cdb21acf321') in 0.006507 seconds 
========================================================================
Received Import Request.
  Time since last request: 2.141722 seconds.
  path: Assets/Animations/Right Strafe(1).fbx
  artifactKey: Guid(c1c83f8b1f08d4f479a4526110baa1e9) Importer(815301076,1909f56bfc062723c751e8b465ee728b)
Start importing Assets/Animations/Right Strafe(1).fbx using Guid(c1c83f8b1f08d4f479a4526110baa1e9) Importer(815301076,1909f56bfc062723c751e8b465ee728b)  -> (artifact id: '13a7a744c1770899c0fa4aba26b8b39e') in 0.007101 seconds 
========================================================================
Received Import Request.
  Time since last request: 4.117655 seconds.
  path: Assets/Animations/Running Slide.fbx
  artifactKey: Guid(9db658ec321464a5caa9935318a43a6b) Importer(815301076,1909f56bfc062723c751e8b465ee728b)
Start importing Assets/Animations/Running Slide.fbx using Guid(9db658ec321464a5caa9935318a43a6b) Importer(815301076,1909f56bfc062723c751e8b465ee728b)  -> (artifact id: 'ed2430b64ab4a31d7e488665266fcda5') in 0.006586 seconds 
========================================================================
Received Import Request.
  Time since last request: 4.001237 seconds.
  path: Assets/Animations/Standard Run.fbx
  artifactKey: Guid(d3e0004011aed43aebd53b0a7c211826) Importer(815301076,1909f56bfc062723c751e8b465ee728b)
Start importing Assets/Animations/Standard Run.fbx using Guid(d3e0004011aed43aebd53b0a7c211826) Importer(815301076,1909f56bfc062723c751e8b465ee728b)  -> (artifact id: 'a2869fd78d96b0761d58dc897c3f3df8') in 0.269902 seconds 
========================================================================
Received Import Request.
  Time since last request: 6.457239 seconds.
  path: Assets/Animations/Orc Idle.fbx
  artifactKey: Guid(62c42268863824a0a864f77b1f20a079) Importer(815301076,1909f56bfc062723c751e8b465ee728b)
Start importing Assets/Animations/Orc Idle.fbx using Guid(62c42268863824a0a864f77b1f20a079) Importer(815301076,1909f56bfc062723c751e8b465ee728b)  -> (artifact id: '80f0a0321981ae48087100224b5b8b86') in 0.042902 seconds 
========================================================================
Received Import Request.
  Time since last request: 46.653566 seconds.
  path: Assets/Animations/_Motions
  artifactKey: Guid(13ddb5f27cb4d468cbca09a60afa9b98) Importer(815301076,1909f56bfc062723c751e8b465ee728b)
Start importing Assets/Animations/_Motions using Guid(13ddb5f27cb4d468cbca09a60afa9b98) Importer(815301076,1909f56bfc062723c751e8b465ee728b)  -> (artifact id: '4e4aa88d033fb99a8bf76bb62b5bdba5') in 0.000913 seconds 
========================================================================
Received Import Request.
  Time since last request: 4.146268 seconds.
  path: Assets/Animations/idle.anim
  artifactKey: Guid(74101bd3d8f9b4a35926e9f4f75540bb) Importer(815301076,1909f56bfc062723c751e8b465ee728b)
Start importing Assets/Animations/idle.anim using Guid(74101bd3d8f9b4a35926e9f4f75540bb) Importer(815301076,1909f56bfc062723c751e8b465ee728b)  -> (artifact id: '5dfc41210458d2037a4c3e9ca2cdc677') in 0.077942 seconds 
========================================================================
Received Import Request.
  Time since last request: 33.305919 seconds.
  path: Assets/Animations/AlienController.controller
  artifactKey: Guid(8781cdd6c45cc439c95cefa3392b6e00) Importer(815301076,1909f56bfc062723c751e8b465ee728b)
Start importing Assets/Animations/AlienController.controller using Guid(8781cdd6c45cc439c95cefa3392b6e00) Importer(815301076,1909f56bfc062723c751e8b465ee728b)  -> (artifact id: 'c19ba515e4de814277160b35e4f5c4fc') in 0.077929 seconds 
========================================================================
Received Prepare
Registering precompiled user dll's ...
Registered in 0.001717 seconds.
Begin MonoManager ReloadAssembly
Symbol file LoadedFromMemory doesn't match image /Users/ericdittus/Desktop/VRun/VRun/Library/PackageCache/com.unity.visualscripting@1.7.8/Editor/VisualScripting.Core/Dependencies/YamlDotNet/Unity.VisualScripting.YamlDotNet.dll
Symbol file LoadedFromMemory doesn't match image /Users/ericdittus/Desktop/VRun/VRun/Library/PackageCache/com.unity.visualscripting@1.7.8/Editor/VisualScripting.Core/Dependencies/DotNetZip/Unity.VisualScripting.IonicZip.dll
Native extension for iOS target not found
Native extension for OSXStandalone target not found
Refreshing native plugins compatible for Editor in 0.77 ms, found 2 plugins.
Preloading 0 native plugins for Editor in 0.00 ms.
Mono: successfully reloaded assembly
- Completed reload, in  2.648 seconds
Domain Reload Profiling:
	ReloadAssembly (2650ms)
		BeginReloadAssembly (365ms)
			ExecutionOrderSort (0ms)
			DisableScriptedObjects (38ms)
			BackupInstance (0ms)
			ReleaseScriptingObjects (0ms)
			CreateAndSetChildDomain (112ms)
		EndReloadAssembly (2031ms)
			LoadAssemblies (178ms)
			RebuildTransferFunctionScriptingTraits (0ms)
			SetupTypeCache (394ms)
				TypeCache.Initialize (384ms)
					TypeCache.ScanAssembly (379ms)
				ResolveRequiredComponents (10ms)
			ReleaseScriptCaches (2ms)
			RebuildScriptCaches (53ms)
			SetupLoadedEditorAssemblies (1203ms)
				LogAssemblyErrors (0ms)
				InitializePlatformSupportModulesInManaged (84ms)
				SetLoadedEditorAssemblies (19ms)
				RefreshPlugins (2ms)
				BeforeProcessingInitializeOnLoad (103ms)
				ProcessInitializeOnLoadAttributes (865ms)
				ProcessInitializeOnLoadMethodAttributes (129ms)
				AfterProcessingInitializeOnLoad (1ms)
				EditorAssembliesLoaded (0ms)
			ExecutionOrderSort2 (0ms)
			AwakeInstancesAfterBackupRestoration (12ms)
Platform modules already initialized, skipping
Refreshing native plugins compatible for Editor in 0.92 ms, found 2 plugins.
Preloading 0 native plugins for Editor in 0.00 ms.
Unloading 3379 Unused Serialized files (Serialized files now loaded: 0)
Unloading 19 unused Assets / (22.7 KB). Loaded Objects now: 3899.
Memory consumption went from 0.65 GB to 0.65 GB.
Total: 5.724459 ms (FindLiveObjects: 0.300208 ms CreateObjectMapping: 0.157833 ms MarkObjects: 5.227833 ms  DeleteObjects: 0.037667 ms)

AssetImportParameters requested are different than current active one (requested -> active):
  custom:video-decoder-ogg-theora: a1e56fd34408186e4bbccfd4996cb3dc -> 
  custom:container-muxer-webm: aa71ff27fc2769a1b78a27578f13a17b -> 
  custom:container-demuxer-webm: 4f35f7cbe854078d1ac9338744f61a02 -> 
  custom:video-encoder-webm-vp8: eb34c28f22e8b96e1ab97ce403110664 -> 
  custom:framework-osx-AVFoundation: e770b220cccbd017edd2c1fefb359320 -> 
  custom:audio-encoder-webm-vorbis: bf7c407c2cedff20999df2af8eb42d56 -> 
  custom:container-demuxer-ogg: 62fdf1f143b41e24485cea50d1cbac27 -> 
  custom:video-decoder-webm-vp8: 9c59270c3fd7afecdb556c50c9e8de78 -> 
  custom:audio-decoder-ogg-vorbis: bf7c407c2cedff20999df2af8eb42d56 -> 
========================================================================
Received Prepare
Registering precompiled user dll's ...
Registered in 0.001615 seconds.
Begin MonoManager ReloadAssembly
Symbol file LoadedFromMemory doesn't match image /Users/ericdittus/Desktop/VRun/VRun/Library/PackageCache/com.unity.visualscripting@1.7.8/Editor/VisualScripting.Core/Dependencies/YamlDotNet/Unity.VisualScripting.YamlDotNet.dll
Symbol file LoadedFromMemory doesn't match image /Users/ericdittus/Desktop/VRun/VRun/Library/PackageCache/com.unity.visualscripting@1.7.8/Editor/VisualScripting.Core/Dependencies/DotNetZip/Unity.VisualScripting.IonicZip.dll
Native extension for iOS target not found
Native extension for OSXStandalone target not found
Refreshing native plugins compatible for Editor in 0.48 ms, found 2 plugins.
Preloading 0 native plugins for Editor in 0.00 ms.
Mono: successfully reloaded assembly
- Completed reload, in  2.544 seconds
Domain Reload Profiling:
	ReloadAssembly (2547ms)
		BeginReloadAssembly (332ms)
			ExecutionOrderSort (0ms)
			DisableScriptedObjects (47ms)
			BackupInstance (0ms)
			ReleaseScriptingObjects (0ms)
			CreateAndSetChildDomain (102ms)
		EndReloadAssembly (1964ms)
			LoadAssemblies (142ms)
			RebuildTransferFunctionScriptingTraits (0ms)
			SetupTypeCache (374ms)
				TypeCache.Initialize (365ms)
					TypeCache.ScanAssembly (360ms)
				ResolveRequiredComponents (9ms)
			ReleaseScriptCaches (1ms)
			RebuildScriptCaches (49ms)
			SetupLoadedEditorAssemblies (1208ms)
				LogAssemblyErrors (0ms)
				InitializePlatformSupportModulesInManaged (92ms)
				SetLoadedEditorAssemblies (20ms)
				RefreshPlugins (1ms)
				BeforeProcessingInitializeOnLoad (114ms)
				ProcessInitializeOnLoadAttributes (860ms)
				ProcessInitializeOnLoadMethodAttributes (120ms)
				AfterProcessingInitializeOnLoad (1ms)
				EditorAssembliesLoaded (0ms)
			ExecutionOrderSort2 (0ms)
			AwakeInstancesAfterBackupRestoration (10ms)
Platform modules already initialized, skipping
Refreshing native plugins compatible for Editor in 0.90 ms, found 2 plugins.
Preloading 0 native plugins for Editor in 0.00 ms.
Unloading 3380 Unused Serialized files (Serialized files now loaded: 0)
Unloading 19 unused Assets / (22.7 KB). Loaded Objects now: 3902.
Memory consumption went from 0.65 GB to 0.65 GB.
Total: 2.927750 ms (FindLiveObjects: 0.227875 ms CreateObjectMapping: 0.143375 ms MarkObjects: 2.523542 ms  DeleteObjects: 0.031958 ms)

AssetImportParameters requested are different than current active one (requested -> active):
  custom:video-decoder-ogg-theora: a1e56fd34408186e4bbccfd4996cb3dc -> 
  custom:container-muxer-webm: aa71ff27fc2769a1b78a27578f13a17b -> 
  custom:container-demuxer-webm: 4f35f7cbe854078d1ac9338744f61a02 -> 
  custom:video-encoder-webm-vp8: eb34c28f22e8b96e1ab97ce403110664 -> 
  custom:framework-osx-AVFoundation: e770b220cccbd017edd2c1fefb359320 -> 
  custom:audio-encoder-webm-vorbis: bf7c407c2cedff20999df2af8eb42d56 -> 
  custom:container-demuxer-ogg: 62fdf1f143b41e24485cea50d1cbac27 -> 
  custom:video-decoder-webm-vp8: 9c59270c3fd7afecdb556c50c9e8de78 -> 
  custom:audio-decoder-ogg-vorbis: bf7c407c2cedff20999df2af8eb42d56 -> 
========================================================================
Received Prepare
Registering precompiled user dll's ...
Registered in 0.001699 seconds.
Begin MonoManager ReloadAssembly
Symbol file LoadedFromMemory doesn't match image /Users/ericdittus/Desktop/VRun/VRun/Library/PackageCache/com.unity.visualscripting@1.7.8/Editor/VisualScripting.Core/Dependencies/YamlDotNet/Unity.VisualScripting.YamlDotNet.dll
Symbol file LoadedFromMemory doesn't match image /Users/ericdittus/Desktop/VRun/VRun/Library/PackageCache/com.unity.visualscripting@1.7.8/Editor/VisualScripting.Core/Dependencies/DotNetZip/Unity.VisualScripting.IonicZip.dll
Native extension for iOS target not found
Native extension for OSXStandalone target not found
Refreshing native plugins compatible for Editor in 0.79 ms, found 2 plugins.
Preloading 0 native plugins for Editor in 0.00 ms.
Mono: successfully reloaded assembly
- Completed reload, in  2.692 seconds
Domain Reload Profiling:
	ReloadAssembly (2695ms)
		BeginReloadAssembly (370ms)
			ExecutionOrderSort (0ms)
			DisableScriptedObjects (44ms)
			BackupInstance (0ms)
			ReleaseScriptingObjects (0ms)
			CreateAndSetChildDomain (149ms)
		EndReloadAssembly (2065ms)
			LoadAssemblies (155ms)
			RebuildTransferFunctionScriptingTraits (0ms)
			SetupTypeCache (395ms)
				TypeCache.Initialize (386ms)
					TypeCache.ScanAssembly (382ms)
				ResolveRequiredComponents (9ms)
			ReleaseScriptCaches (1ms)
			RebuildScriptCaches (49ms)
			SetupLoadedEditorAssemblies (1245ms)
				LogAssemblyErrors (0ms)
				InitializePlatformSupportModulesInManaged (93ms)
				SetLoadedEditorAssemblies (21ms)
				RefreshPlugins (1ms)
				BeforeProcessingInitializeOnLoad (136ms)
				ProcessInitializeOnLoadAttributes (872ms)
				ProcessInitializeOnLoadMethodAttributes (122ms)
				AfterProcessingInitializeOnLoad (1ms)
				EditorAssembliesLoaded (0ms)
			ExecutionOrderSort2 (0ms)
			AwakeInstancesAfterBackupRestoration (11ms)
Platform modules already initialized, skipping
Refreshing native plugins compatible for Editor in 1.04 ms, found 2 plugins.
Preloading 0 native plugins for Editor in 0.00 ms.
Unloading 3381 Unused Serialized files (Serialized files now loaded: 0)
Unloading 19 unused Assets / (22.7 KB). Loaded Objects now: 3906.
Memory consumption went from 0.65 GB to 0.65 GB.
Total: 3.818667 ms (FindLiveObjects: 0.274417 ms CreateObjectMapping: 0.141000 ms MarkObjects: 3.374833 ms  DeleteObjects: 0.027625 ms)

AssetImportParameters requested are different than current active one (requested -> active):
  custom:video-decoder-ogg-theora: a1e56fd34408186e4bbccfd4996cb3dc -> 
  custom:container-muxer-webm: aa71ff27fc2769a1b78a27578f13a17b -> 
  custom:container-demuxer-webm: 4f35f7cbe854078d1ac9338744f61a02 -> 
  custom:video-encoder-webm-vp8: eb34c28f22e8b96e1ab97ce403110664 -> 
  custom:framework-osx-AVFoundation: e770b220cccbd017edd2c1fefb359320 -> 
  custom:audio-encoder-webm-vorbis: bf7c407c2cedff20999df2af8eb42d56 -> 
  custom:container-demuxer-ogg: 62fdf1f143b41e24485cea50d1cbac27 -> 
  custom:video-decoder-webm-vp8: 9c59270c3fd7afecdb556c50c9e8de78 -> 
  custom:audio-decoder-ogg-vorbis: bf7c407c2cedff20999df2af8eb42d56 -> 
========================================================================
Received Import Request.
  Time since last request: 208.198270 seconds.
  path: Assets/WolfCharAnimationStateController.cs
  artifactKey: Guid(6f39fc370919f456d847a47dcfe90b7e) Importer(815301076,1909f56bfc062723c751e8b465ee728b)
Start importing Assets/WolfCharAnimationStateController.cs using Guid(6f39fc370919f456d847a47dcfe90b7e) Importer(815301076,1909f56bfc062723c751e8b465ee728b)  -> (artifact id: '10e4c6c8194f2439efe00bcb2721ddfb') in 0.102868 seconds 
========================================================================
Received Prepare
Registering precompiled user dll's ...
Registered in 0.001676 seconds.
Begin MonoManager ReloadAssembly
Symbol file LoadedFromMemory doesn't match image /Users/ericdittus/Desktop/VRun/VRun/Library/PackageCache/com.unity.visualscripting@1.7.8/Editor/VisualScripting.Core/Dependencies/YamlDotNet/Unity.VisualScripting.YamlDotNet.dll
Symbol file LoadedFromMemory doesn't match image /Users/ericdittus/Desktop/VRun/VRun/Library/PackageCache/com.unity.visualscripting@1.7.8/Editor/VisualScripting.Core/Dependencies/DotNetZip/Unity.VisualScripting.IonicZip.dll
Native extension for iOS target not found
Native extension for OSXStandalone target not found
Refreshing native plugins compatible for Editor in 0.60 ms, found 2 plugins.
Preloading 0 native plugins for Editor in 0.00 ms.
Mono: successfully reloaded assembly
- Completed reload, in  2.602 seconds
Domain Reload Profiling:
	ReloadAssembly (2607ms)
		BeginReloadAssembly (322ms)
			ExecutionOrderSort (0ms)
			DisableScriptedObjects (41ms)
			BackupInstance (0ms)
			ReleaseScriptingObjects (0ms)
			CreateAndSetChildDomain (102ms)
		EndReloadAssembly (2032ms)
			LoadAssemblies (143ms)
			RebuildTransferFunctionScriptingTraits (0ms)
			SetupTypeCache (379ms)
				TypeCache.Initialize (370ms)
					TypeCache.ScanAssembly (366ms)
				ResolveRequiredComponents (9ms)
			ReleaseScriptCaches (1ms)
			RebuildScriptCaches (49ms)
			SetupLoadedEditorAssemblies (1212ms)
				LogAssemblyErrors (0ms)
				InitializePlatformSupportModulesInManaged (85ms)
				SetLoadedEditorAssemblies (21ms)
				RefreshPlugins (1ms)
				BeforeProcessingInitializeOnLoad (107ms)
				ProcessInitializeOnLoadAttributes (880ms)
				ProcessInitializeOnLoadMethodAttributes (118ms)
				AfterProcessingInitializeOnLoad (1ms)
				EditorAssembliesLoaded (0ms)
			ExecutionOrderSort2 (0ms)
			AwakeInstancesAfterBackupRestoration (11ms)
Platform modules already initialized, skipping
Refreshing native plugins compatible for Editor in 0.89 ms, found 2 plugins.
Preloading 0 native plugins for Editor in 0.00 ms.
Unloading 3380 Unused Serialized files (Serialized files now loaded: 0)
Unloading 19 unused Assets / (22.7 KB). Loaded Objects now: 3909.
Memory consumption went from 0.66 GB to 0.66 GB.
Total: 4.995125 ms (FindLiveObjects: 0.235250 ms CreateObjectMapping: 0.107000 ms MarkObjects: 4.616209 ms  DeleteObjects: 0.036084 ms)

AssetImportParameters requested are different than current active one (requested -> active):
  custom:video-decoder-ogg-theora: a1e56fd34408186e4bbccfd4996cb3dc -> 
  custom:container-muxer-webm: aa71ff27fc2769a1b78a27578f13a17b -> 
  custom:container-demuxer-webm: 4f35f7cbe854078d1ac9338744f61a02 -> 
  custom:video-encoder-webm-vp8: eb34c28f22e8b96e1ab97ce403110664 -> 
  custom:framework-osx-AVFoundation: e770b220cccbd017edd2c1fefb359320 -> 
  custom:audio-encoder-webm-vorbis: bf7c407c2cedff20999df2af8eb42d56 -> 
  custom:container-demuxer-ogg: 62fdf1f143b41e24485cea50d1cbac27 -> 
  custom:video-decoder-webm-vp8: 9c59270c3fd7afecdb556c50c9e8de78 -> 
  custom:audio-decoder-ogg-vorbis: bf7c407c2cedff20999df2af8eb42d56 -> 
========================================================================
Received Prepare
Registering precompiled user dll's ...
Registered in 0.001734 seconds.
Begin MonoManager ReloadAssembly
Symbol file LoadedFromMemory doesn't match image /Users/ericdittus/Desktop/VRun/VRun/Library/PackageCache/com.unity.visualscripting@1.7.8/Editor/VisualScripting.Core/Dependencies/YamlDotNet/Unity.VisualScripting.YamlDotNet.dll
Symbol file LoadedFromMemory doesn't match image /Users/ericdittus/Desktop/VRun/VRun/Library/PackageCache/com.unity.visualscripting@1.7.8/Editor/VisualScripting.Core/Dependencies/DotNetZip/Unity.VisualScripting.IonicZip.dll
Native extension for iOS target not found
Native extension for OSXStandalone target not found
Refreshing native plugins compatible for Editor in 0.58 ms, found 2 plugins.
Preloading 0 native plugins for Editor in 0.00 ms.
Mono: successfully reloaded assembly
- Completed reload, in  2.608 seconds
Domain Reload Profiling:
	ReloadAssembly (2611ms)
		BeginReloadAssembly (324ms)
			ExecutionOrderSort (0ms)
			DisableScriptedObjects (47ms)
			BackupInstance (0ms)
			ReleaseScriptingObjects (0ms)
			CreateAndSetChildDomain (101ms)
		EndReloadAssembly (2029ms)
			LoadAssemblies (147ms)
			RebuildTransferFunctionScriptingTraits (0ms)
			SetupTypeCache (406ms)
				TypeCache.Initialize (397ms)
					TypeCache.ScanAssembly (393ms)
				ResolveRequiredComponents (9ms)
			ReleaseScriptCaches (1ms)
			RebuildScriptCaches (54ms)
			SetupLoadedEditorAssemblies (1201ms)
				LogAssemblyErrors (0ms)
				InitializePlatformSupportModulesInManaged (87ms)
				SetLoadedEditorAssemblies (24ms)
				RefreshPlugins (1ms)
				BeforeProcessingInitializeOnLoad (116ms)
				ProcessInitializeOnLoadAttributes (862ms)
				ProcessInitializeOnLoadMethodAttributes (111ms)
				AfterProcessingInitializeOnLoad (1ms)
				EditorAssembliesLoaded (0ms)
			ExecutionOrderSort2 (0ms)
			AwakeInstancesAfterBackupRestoration (10ms)
Platform modules already initialized, skipping
Refreshing native plugins compatible for Editor in 0.89 ms, found 2 plugins.
Preloading 0 native plugins for Editor in 0.00 ms.
Unloading 3381 Unused Serialized files (Serialized files now loaded: 0)
Unloading 19 unused Assets / (22.7 KB). Loaded Objects now: 3912.
Memory consumption went from 0.66 GB to 0.66 GB.
Total: 2.900208 ms (FindLiveObjects: 0.224333 ms CreateObjectMapping: 0.132417 ms MarkObjects: 2.516916 ms  DeleteObjects: 0.025542 ms)

AssetImportParameters requested are different than current active one (requested -> active):
  custom:video-decoder-ogg-theora: a1e56fd34408186e4bbccfd4996cb3dc -> 
  custom:container-muxer-webm: aa71ff27fc2769a1b78a27578f13a17b -> 
  custom:container-demuxer-webm: 4f35f7cbe854078d1ac9338744f61a02 -> 
  custom:video-encoder-webm-vp8: eb34c28f22e8b96e1ab97ce403110664 -> 
  custom:framework-osx-AVFoundation: e770b220cccbd017edd2c1fefb359320 -> 
  custom:audio-encoder-webm-vorbis: bf7c407c2cedff20999df2af8eb42d56 -> 
  custom:container-demuxer-ogg: 62fdf1f143b41e24485cea50d1cbac27 -> 
  custom:video-decoder-webm-vp8: 9c59270c3fd7afecdb556c50c9e8de78 -> 
  custom:audio-decoder-ogg-vorbis: bf7c407c2cedff20999df2af8eb42d56 -> 
========================================================================
Received Prepare
Registering precompiled user dll's ...
Registered in 0.002172 seconds.
Begin MonoManager ReloadAssembly
Symbol file LoadedFromMemory doesn't match image /Users/ericdittus/Desktop/VRun/VRun/Library/PackageCache/com.unity.visualscripting@1.7.8/Editor/VisualScripting.Core/Dependencies/YamlDotNet/Unity.VisualScripting.YamlDotNet.dll
Symbol file LoadedFromMemory doesn't match image /Users/ericdittus/Desktop/VRun/VRun/Library/PackageCache/com.unity.visualscripting@1.7.8/Editor/VisualScripting.Core/Dependencies/DotNetZip/Unity.VisualScripting.IonicZip.dll
Native extension for iOS target not found
Native extension for OSXStandalone target not found
Refreshing native plugins compatible for Editor in 0.75 ms, found 2 plugins.
Preloading 0 native plugins for Editor in 0.00 ms.
Mono: successfully reloaded assembly
- Completed reload, in  2.626 seconds
Domain Reload Profiling:
	ReloadAssembly (2629ms)
		BeginReloadAssembly (325ms)
			ExecutionOrderSort (0ms)
			DisableScriptedObjects (44ms)
			BackupInstance (0ms)
			ReleaseScriptingObjects (0ms)
			CreateAndSetChildDomain (98ms)
		EndReloadAssembly (2038ms)
			LoadAssemblies (155ms)
			RebuildTransferFunctionScriptingTraits (0ms)
			SetupTypeCache (386ms)
				TypeCache.Initialize (373ms)
					TypeCache.ScanAssembly (369ms)
				ResolveRequiredComponents (13ms)
			ReleaseScriptCaches (1ms)
			RebuildScriptCaches (51ms)
			SetupLoadedEditorAssemblies (1234ms)
				LogAssemblyErrors (0ms)
				InitializePlatformSupportModulesInManaged (119ms)
				SetLoadedEditorAssemblies (21ms)
				RefreshPlugins (1ms)
				BeforeProcessingInitializeOnLoad (116ms)
				ProcessInitializeOnLoadAttributes (860ms)
				ProcessInitializeOnLoadMethodAttributes (117ms)
				AfterProcessingInitializeOnLoad (1ms)
				EditorAssembliesLoaded (0ms)
			ExecutionOrderSort2 (0ms)
			AwakeInstancesAfterBackupRestoration (11ms)
Platform modules already initialized, skipping
Refreshing native plugins compatible for Editor in 0.91 ms, found 2 plugins.
Preloading 0 native plugins for Editor in 0.00 ms.
Unloading 3381 Unused Serialized files (Serialized files now loaded: 0)
Unloading 19 unused Assets / (22.8 KB). Loaded Objects now: 3915.
Memory consumption went from 0.66 GB to 0.66 GB.
Total: 6.803083 ms (FindLiveObjects: 0.279542 ms CreateObjectMapping: 0.104875 ms MarkObjects: 6.381583 ms  DeleteObjects: 0.036125 ms)

AssetImportParameters requested are different than current active one (requested -> active):
  custom:video-decoder-ogg-theora: a1e56fd34408186e4bbccfd4996cb3dc -> 
  custom:container-muxer-webm: aa71ff27fc2769a1b78a27578f13a17b -> 
  custom:container-demuxer-webm: 4f35f7cbe854078d1ac9338744f61a02 -> 
  custom:video-encoder-webm-vp8: eb34c28f22e8b96e1ab97ce403110664 -> 
  custom:framework-osx-AVFoundation: e770b220cccbd017edd2c1fefb359320 -> 
  custom:audio-encoder-webm-vorbis: bf7c407c2cedff20999df2af8eb42d56 -> 
  custom:container-demuxer-ogg: 62fdf1f143b41e24485cea50d1cbac27 -> 
  custom:video-decoder-webm-vp8: 9c59270c3fd7afecdb556c50c9e8de78 -> 
  custom:audio-decoder-ogg-vorbis: bf7c407c2cedff20999df2af8eb42d56 -> 
